0 info it worked if it ends with ok
1 verbose cli [ 'node', '/Users/virgafox/.nvm/v0.10.38/bin/npm', 'info' ]
2 info using npm@2.9.1
3 info using node@v0.10.38
4 silly mapToRegistry name sync_test
5 silly mapToRegistry using default registry
6 silly mapToRegistry registry https://registry.npmjs.org/
7 silly mapToRegistry uri https://registry.npmjs.org/sync_test
8 verbose request uri https://registry.npmjs.org/sync_test
9 verbose request no auth needed
10 info attempt registry request try #1 at 23:56:12
11 verbose request id bdfcef208154647d
12 http request GET https://registry.npmjs.org/sync_test
13 http 404 https://registry.npmjs.org/sync_test
14 verbose headers { server: 'CouchDB/1.5.0 (Erlang OTP/R16B03)',
14 verbose headers   'content-type': 'application/json',
14 verbose headers   'cache-control': 'max-age=0',
14 verbose headers   'content-length': '51',
14 verbose headers   'accept-ranges': 'bytes',
14 verbose headers   date: 'Tue, 04 Aug 2015 21:56:13 GMT',
14 verbose headers   via: '1.1 varnish',
14 verbose headers   age: '0',
14 verbose headers   connection: 'keep-alive',
14 verbose headers   'x-served-by': 'cache-fra1235-FRA',
14 verbose headers   'x-cache': 'MISS',
14 verbose headers   'x-cache-hits': '0',
14 verbose headers   'x-timer': 'S1438725373.012722,VS0,VE110' }
15 silly get cb [ 404,
15 silly get   { server: 'CouchDB/1.5.0 (Erlang OTP/R16B03)',
15 silly get     'content-type': 'application/json',
15 silly get     'cache-control': 'max-age=0',
15 silly get     'content-length': '51',
15 silly get     'accept-ranges': 'bytes',
15 silly get     date: 'Tue, 04 Aug 2015 21:56:13 GMT',
15 silly get     via: '1.1 varnish',
15 silly get     age: '0',
15 silly get     connection: 'keep-alive',
15 silly get     'x-served-by': 'cache-fra1235-FRA',
15 silly get     'x-cache': 'MISS',
15 silly get     'x-cache-hits': '0',
15 silly get     'x-timer': 'S1438725373.012722,VS0,VE110' } ]
16 verbose stack Error: 404 Not Found: sync_test
16 verbose stack     at CachingRegistryClient.<anonymous> (/Users/virgafox/.nvm/v0.10.38/lib/node_modules/npm/node_modules/npm-registry-client/lib/request.js:245:14)
16 verbose stack     at Request._callback (/Users/virgafox/.nvm/v0.10.38/lib/node_modules/npm/node_modules/npm-registry-client/lib/request.js:170:14)
16 verbose stack     at Request.self.callback (/Users/virgafox/.nvm/v0.10.38/lib/node_modules/npm/node_modules/request/request.js:368:22)
16 verbose stack     at Request.emit (events.js:98:17)
16 verbose stack     at Request.<anonymous> (/Users/virgafox/.nvm/v0.10.38/lib/node_modules/npm/node_modules/request/request.js:1219:14)
16 verbose stack     at Request.emit (events.js:117:20)
16 verbose stack     at IncomingMessage.<anonymous> (/Users/virgafox/.nvm/v0.10.38/lib/node_modules/npm/node_modules/request/request.js:1167:12)
16 verbose stack     at IncomingMessage.emit (events.js:117:20)
16 verbose stack     at _stream_readable.js:944:16
16 verbose stack     at process._tickCallback (node.js:448:13)
17 verbose statusCode 404
18 verbose pkgid sync_test
19 verbose cwd /Users/virgafox/Desktop/angular_test_2
20 error Darwin 14.4.0
21 error argv "node" "/Users/virgafox/.nvm/v0.10.38/bin/npm" "info"
22 error node v0.10.38
23 error npm  v2.9.1
24 error code E404
25 error 404 Not Found: sync_test
25 error 404
25 error 404 'sync_test' is not in the npm registry.
25 error 404 You should bug the author to publish it (or use the name yourself!)
25 error 404
25 error 404 Note that you can also install from a
25 error 404 tarball, folder, http url, or git url.
26 verbose exit [ 1, true ]
